The system is: Linux - 6.5.0-1015-oem - x86_64
Compiling the C compiler identification source file "CMakeCCompilerId.c" succeeded.
Compiler: /home/yotsurud/miniconda3/bin/x86_64-conda-linux-gnu-clang 
Build flags: -march=nocona;-mtune=haswell;-ftree-vectorize;-fPIC;-fstack-protector-strong;-fno-plt;-O2;-ffunction-sections;-pipe;-isystem;/home/yotsurud/miniconda3/include
Id flags:  

The output was:
0


Compilation of the C compiler identification source "CMakeCCompilerId.c" produced "a.out"

The C compiler identification is Clang, found in "/home/yotsurud/Desktop/42cursus/Webserv_yoshi/build/CMakeFiles/3.22.1/CompilerIdC/a.out"

Compiling the CXX compiler identification source file "CMakeCXXCompilerId.cpp" succeeded.
Compiler: /usr/bin/c++ 
Build flags: 
Id flags:  

The output was:
0


Compilation of the CXX compiler identification source "CMakeCXXCompilerId.cpp" produced "a.out"

The CXX compiler identification is Clang, found in "/home/yotsurud/Desktop/42cursus/Webserv_yoshi/build/CMakeFiles/3.22.1/CompilerIdCXX/a.out"

Detecting C compiler ABI info compiled with the following output:
Change Dir: /home/yotsurud/Desktop/42cursus/Webserv_yoshi/build/CMakeFiles/CMakeTmp

Run Build Command(s):/usr/bin/gmake -f Makefile cmTC_6069a/fast && /usr/bin/gmake  -f CMakeFiles/cmTC_6069a.dir/build.make CMakeFiles/cmTC_6069a.dir/build
gmake[1]: Entering directory '/home/yotsurud/Desktop/42cursus/Webserv_yoshi/build/CMakeFiles/CMakeTmp'
Building C object CMakeFiles/cmTC_6069a.dir/CMakeCCompilerABI.c.o
/home/yotsurud/miniconda3/bin/x86_64-conda-linux-gnu-clang   -march=nocona -mtune=haswell -ftree-vectorize -fPIC -fstack-protector-strong -fno-plt -O2 -ffunction-sections -pipe -isystem /home/yotsurud/miniconda3/include    -v -MD -MT CMakeFiles/cmTC_6069a.dir/CMakeCCompilerABI.c.o -MF CMakeFiles/cmTC_6069a.dir/CMakeCCompilerABI.c.o.d -o CMakeFiles/cmTC_6069a.dir/CMakeCCompilerABI.c.o -c /usr/share/cmake-3.22/Modules/CMakeCCompilerABI.c
clang version 19.1.7 (https://github.com/conda-forge/clangdev-feedstock 966d7cbbe6cf2286c2ec30c49d8e957ba220cf18)
Target: x86_64-conda-linux-gnu
Thread model: posix
InstalledDir: /home/yotsurud/miniconda3/bin
Configuration file: /home/yotsurud/miniconda3/bin/x86_64-conda-linux-gnu.cfg
Found candidate GCC installation: /home/yotsurud/miniconda3/bin/../lib/gcc/x86_64-conda-linux-gnu/15.1.0
Selected GCC installation: /home/yotsurud/miniconda3/bin/../lib/gcc/x86_64-conda-linux-gnu/15.1.0
Candidate multilib: .;@m64
Selected multilib: .;@m64
 (in-process)
 "/home/yotsurud/miniconda3/bin/clang-19" -cc1 -triple x86_64-conda-linux-gnu -emit-obj -disable-free -clear-ast-before-backend -disable-llvm-verifier -discard-value-names -main-file-name CMakeCCompilerABI.c -mrelocation-model pic -pic-level 2 -fhalf-no-semantic-interposition -mframe-pointer=none -fmath-errno -ffp-contract=on -fno-rounding-math -mconstructor-aliases -fno-plt -funwind-tables=2 -target-cpu nocona -tune-cpu haswell -debugger-tuning=gdb -fdebug-compilation-dir=/home/yotsurud/Desktop/42cursus/Webserv_yoshi/build/CMakeFiles/CMakeTmp -v -ffunction-sections -fcoverage-compilation-dir=/home/yotsurud/Desktop/42cursus/Webserv_yoshi/build/CMakeFiles/CMakeTmp -resource-dir /home/yotsurud/miniconda3/lib/clang/19 -dependency-file CMakeFiles/cmTC_6069a.dir/CMakeCCompilerABI.c.o.d -MT CMakeFiles/cmTC_6069a.dir/CMakeCCompilerABI.c.o -sys-header-deps -isystem /home/yotsurud/miniconda3/include -isysroot /home/yotsurud/miniconda3/x86_64-conda-linux-gnu/sysroot -internal-isystem /home/yotsurud/miniconda3/lib/clang/19/include -internal-isystem /home/yotsurud/miniconda3/x86_64-conda-linux-gnu/sysroot/usr/local/include -internal-isystem /home/yotsurud/miniconda3/bin/../lib/gcc/x86_64-conda-linux-gnu/15.1.0/../../../../x86_64-conda-linux-gnu/include -internal-externc-isystem /home/yotsurud/miniconda3/x86_64-conda-linux-gnu/sysroot/include -internal-externc-isystem /home/yotsurud/miniconda3/x86_64-conda-linux-gnu/sysroot/usr/include -O2 -ferror-limit 19 -stack-protector 2 -fgnuc-version=4.2.1 -fskip-odr-check-in-gmf -vectorize-loops -vectorize-slp -faddrsig -D__GCC_HAVE_DWARF2_CFI_ASM=1 -o CMakeFiles/cmTC_6069a.dir/CMakeCCompilerABI.c.o -x c /usr/share/cmake-3.22/Modules/CMakeCCompilerABI.c
clang -cc1 version 19.1.7 based upon LLVM 19.1.7 default target x86_64-unknown-linux-gnu
ignoring nonexistent directory "/home/yotsurud/miniconda3/x86_64-conda-linux-gnu/sysroot/usr/local/include"
ignoring nonexistent directory "/home/yotsurud/miniconda3/bin/../lib/gcc/x86_64-conda-linux-gnu/15.1.0/../../../../x86_64-conda-linux-gnu/include"
ignoring nonexistent directory "/home/yotsurud/miniconda3/x86_64-conda-linux-gnu/sysroot/include"
#include "..." search starts here:
#include <...> search starts here:
 /home/yotsurud/miniconda3/include
 /home/yotsurud/miniconda3/lib/clang/19/include
 /home/yotsurud/miniconda3/x86_64-conda-linux-gnu/sysroot/usr/include
End of search list.
Linking C executable cmTC_6069a
/usr/bin/cmake -E cmake_link_script CMakeFiles/cmTC_6069a.dir/link.txt --verbose=1
/home/yotsurud/miniconda3/bin/x86_64-conda-linux-gnu-clang -march=nocona -mtune=haswell -ftree-vectorize -fPIC -fstack-protector-strong -fno-plt -O2 -ffunction-sections -pipe -isystem /home/yotsurud/miniconda3/include  -Wl,-O2 -Wl,--sort-common -Wl,--as-needed -Wl,-z,relro -Wl,-z,now -Wl,--disable-new-dtags -Wl,--gc-sections -Wl,--allow-shlib-undefined -Wl,-rpath,/home/yotsurud/miniconda3/lib -Wl,-rpath-link,/home/yotsurud/miniconda3/lib -L/home/yotsurud/miniconda3/lib -v CMakeFiles/cmTC_6069a.dir/CMakeCCompilerABI.c.o -o cmTC_6069a 
clang version 19.1.7 (https://github.com/conda-forge/clangdev-feedstock 966d7cbbe6cf2286c2ec30c49d8e957ba220cf18)
Target: x86_64-conda-linux-gnu
Thread model: posix
InstalledDir: /home/yotsurud/miniconda3/bin
Configuration file: /home/yotsurud/miniconda3/bin/x86_64-conda-linux-gnu.cfg
Found candidate GCC installation: /home/yotsurud/miniconda3/bin/../lib/gcc/x86_64-conda-linux-gnu/15.1.0
Selected GCC installation: /home/yotsurud/miniconda3/bin/../lib/gcc/x86_64-conda-linux-gnu/15.1.0
Candidate multilib: .;@m64
Selected multilib: .;@m64
 "/home/yotsurud/miniconda3/bin/x86_64-conda-linux-gnu-ld" --sysroot=/home/yotsurud/miniconda3/x86_64-conda-linux-gnu/sysroot -z relro --hash-style=gnu --eh-frame-hdr -m elf_x86_64 -pie -dynamic-linker /lib64/ld-linux-x86-64.so.2 -o cmTC_6069a /home/yotsurud/miniconda3/x86_64-conda-linux-gnu/sysroot/usr/lib/../lib64/Scrt1.o /home/yotsurud/miniconda3/x86_64-conda-linux-gnu/sysroot/usr/lib/../lib64/crti.o /home/yotsurud/miniconda3/bin/../lib/gcc/x86_64-conda-linux-gnu/15.1.0/crtbeginS.o -L/home/yotsurud/miniconda3/lib -L/home/yotsurud/miniconda3/bin/../lib/gcc/x86_64-conda-linux-gnu/15.1.0 -L/home/yotsurud/miniconda3/x86_64-conda-linux-gnu/sysroot/lib/../lib64 -L/home/yotsurud/miniconda3/x86_64-conda-linux-gnu/sysroot/usr/lib/../lib64 -L/home/yotsurud/miniconda3/bin/../lib/gcc/x86_64-conda-linux-gnu/15.1.0/../../../../x86_64-conda-linux-gnu/lib -L/home/yotsurud/miniconda3/x86_64-conda-linux-gnu/sysroot/lib -L/home/yotsurud/miniconda3/x86_64-conda-linux-gnu/sysroot/usr/lib -O2 --sort-common --as-needed -z relro -z now --disable-new-dtags --gc-sections --allow-shlib-undefined -rpath /home/yotsurud/miniconda3/lib -rpath-link /home/yotsurud/miniconda3/lib CMakeFiles/cmTC_6069a.dir/CMakeCCompilerABI.c.o -lgcc --as-needed -lgcc_s --no-as-needed -lc -lgcc --as-needed -lgcc_s --no-as-needed /home/yotsurud/miniconda3/bin/../lib/gcc/x86_64-conda-linux-gnu/15.1.0/crtendS.o /home/yotsurud/miniconda3/x86_64-conda-linux-gnu/sysroot/usr/lib/../lib64/crtn.o
gmake[1]: Leaving directory '/home/yotsurud/Desktop/42cursus/Webserv_yoshi/build/CMakeFiles/CMakeTmp'



Parsed C implicit include dir info from above output: rv=done
  found start of include info
  found start of implicit include info
    add: [/home/yotsurud/miniconda3/include]
    add: [/home/yotsurud/miniconda3/lib/clang/19/include]
    add: [/home/yotsurud/miniconda3/x86_64-conda-linux-gnu/sysroot/usr/include]
  end of search list found
  collapse include dir [/home/yotsurud/miniconda3/include] ==> [/home/yotsurud/miniconda3/include]
  collapse include dir [/home/yotsurud/miniconda3/lib/clang/19/include] ==> [/home/yotsurud/miniconda3/lib/clang/19/include]
  collapse include dir [/home/yotsurud/miniconda3/x86_64-conda-linux-gnu/sysroot/usr/include] ==> [/home/yotsurud/miniconda3/x86_64-conda-linux-gnu/sysroot/usr/include]
  implicit include dirs: [/home/yotsurud/miniconda3/include;/home/yotsurud/miniconda3/lib/clang/19/include;/home/yotsurud/miniconda3/x86_64-conda-linux-gnu/sysroot/usr/include]


Parsed C implicit link information from above output:
  link line regex: [^( *|.*[/\])(x86_64-conda-linux-gnu-ld|CMAKE_LINK_STARTFILE-NOTFOUND|([^/\]+-)?ld|collect2)[^/\]*( |$)]
  ignore line: [Change Dir: /home/yotsurud/Desktop/42cursus/Webserv_yoshi/build/CMakeFiles/CMakeTmp]
  ignore line: []
  ignore line: [Run Build Command(s):/usr/bin/gmake -f Makefile cmTC_6069a/fast && /usr/bin/gmake  -f CMakeFiles/cmTC_6069a.dir/build.make CMakeFiles/cmTC_6069a.dir/build]
  ignore line: [gmake[1]: Entering directory '/home/yotsurud/Desktop/42cursus/Webserv_yoshi/build/CMakeFiles/CMakeTmp']
  ignore line: [Building C object CMakeFiles/cmTC_6069a.dir/CMakeCCompilerABI.c.o]
  ignore line: [/home/yotsurud/miniconda3/bin/x86_64-conda-linux-gnu-clang   -march=nocona -mtune=haswell -ftree-vectorize -fPIC -fstack-protector-strong -fno-plt -O2 -ffunction-sections -pipe -isystem /home/yotsurud/miniconda3/include    -v -MD -MT CMakeFiles/cmTC_6069a.dir/CMakeCCompilerABI.c.o -MF CMakeFiles/cmTC_6069a.dir/CMakeCCompilerABI.c.o.d -o CMakeFiles/cmTC_6069a.dir/CMakeCCompilerABI.c.o -c /usr/share/cmake-3.22/Modules/CMakeCCompilerABI.c]
  ignore line: [clang version 19.1.7 (https://github.com/conda-forge/clangdev-feedstock 966d7cbbe6cf2286c2ec30c49d8e957ba220cf18)]
  ignore line: [Target: x86_64-conda-linux-gnu]
  ignore line: [Thread model: posix]
  ignore line: [InstalledDir: /home/yotsurud/miniconda3/bin]
  ignore line: [Configuration file: /home/yotsurud/miniconda3/bin/x86_64-conda-linux-gnu.cfg]
  ignore line: [Found candidate GCC installation: /home/yotsurud/miniconda3/bin/../lib/gcc/x86_64-conda-linux-gnu/15.1.0]
  ignore line: [Selected GCC installation: /home/yotsurud/miniconda3/bin/../lib/gcc/x86_64-conda-linux-gnu/15.1.0]
  ignore line: [Candidate multilib: .]
  ignore line: [@m64]
  ignore line: [Selected multilib: .]
  ignore line: [@m64]
  ignore line: [ (in-process)]
  ignore line: [ "/home/yotsurud/miniconda3/bin/clang-19" -cc1 -triple x86_64-conda-linux-gnu -emit-obj -disable-free -clear-ast-before-backend -disable-llvm-verifier -discard-value-names -main-file-name CMakeCCompilerABI.c -mrelocation-model pic -pic-level 2 -fhalf-no-semantic-interposition -mframe-pointer=none -fmath-errno -ffp-contract=on -fno-rounding-math -mconstructor-aliases -fno-plt -funwind-tables=2 -target-cpu nocona -tune-cpu haswell -debugger-tuning=gdb -fdebug-compilation-dir=/home/yotsurud/Desktop/42cursus/Webserv_yoshi/build/CMakeFiles/CMakeTmp -v -ffunction-sections -fcoverage-compilation-dir=/home/yotsurud/Desktop/42cursus/Webserv_yoshi/build/CMakeFiles/CMakeTmp -resource-dir /home/yotsurud/miniconda3/lib/clang/19 -dependency-file CMakeFiles/cmTC_6069a.dir/CMakeCCompilerABI.c.o.d -MT CMakeFiles/cmTC_6069a.dir/CMakeCCompilerABI.c.o -sys-header-deps -isystem /home/yotsurud/miniconda3/include -isysroot /home/yotsurud/miniconda3/x86_64-conda-linux-gnu/sysroot -internal-isystem /home/yotsurud/miniconda3/lib/clang/19/include -internal-isystem /home/yotsurud/miniconda3/x86_64-conda-linux-gnu/sysroot/usr/local/include -internal-isystem /home/yotsurud/miniconda3/bin/../lib/gcc/x86_64-conda-linux-gnu/15.1.0/../../../../x86_64-conda-linux-gnu/include -internal-externc-isystem /home/yotsurud/miniconda3/x86_64-conda-linux-gnu/sysroot/include -internal-externc-isystem /home/yotsurud/miniconda3/x86_64-conda-linux-gnu/sysroot/usr/include -O2 -ferror-limit 19 -stack-protector 2 -fgnuc-version=4.2.1 -fskip-odr-check-in-gmf -vectorize-loops -vectorize-slp -faddrsig -D__GCC_HAVE_DWARF2_CFI_ASM=1 -o CMakeFiles/cmTC_6069a.dir/CMakeCCompilerABI.c.o -x c /usr/share/cmake-3.22/Modules/CMakeCCompilerABI.c]
  ignore line: [clang -cc1 version 19.1.7 based upon LLVM 19.1.7 default target x86_64-unknown-linux-gnu]
  ignore line: [ignoring nonexistent directory "/home/yotsurud/miniconda3/x86_64-conda-linux-gnu/sysroot/usr/local/include"]
  ignore line: [ignoring nonexistent directory "/home/yotsurud/miniconda3/bin/../lib/gcc/x86_64-conda-linux-gnu/15.1.0/../../../../x86_64-conda-linux-gnu/include"]
  ignore line: [ignoring nonexistent directory "/home/yotsurud/miniconda3/x86_64-conda-linux-gnu/sysroot/include"]
  ignore line: [#include "..." search starts here:]
  ignore line: [#include <...> search starts here:]
  ignore line: [ /home/yotsurud/miniconda3/include]
  ignore line: [ /home/yotsurud/miniconda3/lib/clang/19/include]
  ignore line: [ /home/yotsurud/miniconda3/x86_64-conda-linux-gnu/sysroot/usr/include]
  ignore line: [End of search list.]
  ignore line: [Linking C executable cmTC_6069a]
  ignore line: [/usr/bin/cmake -E cmake_link_script CMakeFiles/cmTC_6069a.dir/link.txt --verbose=1]
  ignore line: [/home/yotsurud/miniconda3/bin/x86_64-conda-linux-gnu-clang -march=nocona -mtune=haswell -ftree-vectorize -fPIC -fstack-protector-strong -fno-plt -O2 -ffunction-sections -pipe -isystem /home/yotsurud/miniconda3/include  -Wl -O2 -Wl --sort-common -Wl --as-needed -Wl -z relro -Wl -z now -Wl --disable-new-dtags -Wl --gc-sections -Wl --allow-shlib-undefined -Wl -rpath /home/yotsurud/miniconda3/lib -Wl -rpath-link /home/yotsurud/miniconda3/lib -L/home/yotsurud/miniconda3/lib -v CMakeFiles/cmTC_6069a.dir/CMakeCCompilerABI.c.o -o cmTC_6069a ]
  ignore line: [clang version 19.1.7 (https://github.com/conda-forge/clangdev-feedstock 966d7cbbe6cf2286c2ec30c49d8e957ba220cf18)]
  ignore line: [Target: x86_64-conda-linux-gnu]
  ignore line: [Thread model: posix]
  ignore line: [InstalledDir: /home/yotsurud/miniconda3/bin]
  ignore line: [Configuration file: /home/yotsurud/miniconda3/bin/x86_64-conda-linux-gnu.cfg]
  ignore line: [Found candidate GCC installation: /home/yotsurud/miniconda3/bin/../lib/gcc/x86_64-conda-linux-gnu/15.1.0]
  ignore line: [Selected GCC installation: /home/yotsurud/miniconda3/bin/../lib/gcc/x86_64-conda-linux-gnu/15.1.0]
  ignore line: [Candidate multilib: .]
  ignore line: [@m64]
  ignore line: [Selected multilib: .]
  ignore line: [@m64]
  link line: [ "/home/yotsurud/miniconda3/bin/x86_64-conda-linux-gnu-ld" --sysroot=/home/yotsurud/miniconda3/x86_64-conda-linux-gnu/sysroot -z relro --hash-style=gnu --eh-frame-hdr -m elf_x86_64 -pie -dynamic-linker /lib64/ld-linux-x86-64.so.2 -o cmTC_6069a /home/yotsurud/miniconda3/x86_64-conda-linux-gnu/sysroot/usr/lib/../lib64/Scrt1.o /home/yotsurud/miniconda3/x86_64-conda-linux-gnu/sysroot/usr/lib/../lib64/crti.o /home/yotsurud/miniconda3/bin/../lib/gcc/x86_64-conda-linux-gnu/15.1.0/crtbeginS.o -L/home/yotsurud/miniconda3/lib -L/home/yotsurud/miniconda3/bin/../lib/gcc/x86_64-conda-linux-gnu/15.1.0 -L/home/yotsurud/miniconda3/x86_64-conda-linux-gnu/sysroot/lib/../lib64 -L/home/yotsurud/miniconda3/x86_64-conda-linux-gnu/sysroot/usr/lib/../lib64 -L/home/yotsurud/miniconda3/bin/../lib/gcc/x86_64-conda-linux-gnu/15.1.0/../../../../x86_64-conda-linux-gnu/lib -L/home/yotsurud/miniconda3/x86_64-conda-linux-gnu/sysroot/lib -L/home/yotsurud/miniconda3/x86_64-conda-linux-gnu/sysroot/usr/lib -O2 --sort-common --as-needed -z relro -z now --disable-new-dtags --gc-sections --allow-shlib-undefined -rpath /home/yotsurud/miniconda3/lib -rpath-link /home/yotsurud/miniconda3/lib CMakeFiles/cmTC_6069a.dir/CMakeCCompilerABI.c.o -lgcc --as-needed -lgcc_s --no-as-needed -lc -lgcc --as-needed -lgcc_s --no-as-needed /home/yotsurud/miniconda3/bin/../lib/gcc/x86_64-conda-linux-gnu/15.1.0/crtendS.o /home/yotsurud/miniconda3/x86_64-conda-linux-gnu/sysroot/usr/lib/../lib64/crtn.o]
    arg [/home/yotsurud/miniconda3/bin/x86_64-conda-linux-gnu-ld] ==> ignore
    arg [--sysroot=/home/yotsurud/miniconda3/x86_64-conda-linux-gnu/sysroot] ==> ignore
    arg [-zrelro] ==> ignore
    arg [--hash-style=gnu] ==> ignore
    arg [--eh-frame-hdr] ==> ignore
    arg [-m] ==> ignore
    arg [elf_x86_64] ==> ignore
    arg [-pie] ==> ignore
    arg [-dynamic-linker] ==> ignore
    arg [/lib64/ld-linux-x86-64.so.2] ==> ignore
    arg [-o] ==> ignore
    arg [cmTC_6069a] ==> ignore
    arg [/home/yotsurud/miniconda3/x86_64-conda-linux-gnu/sysroot/usr/lib/../lib64/Scrt1.o] ==> obj [/home/yotsurud/miniconda3/x86_64-conda-linux-gnu/sysroot/usr/lib/../lib64/Scrt1.o]
    arg [/home/yotsurud/miniconda3/x86_64-conda-linux-gnu/sysroot/usr/lib/../lib64/crti.o] ==> obj [/home/yotsurud/miniconda3/x86_64-conda-linux-gnu/sysroot/usr/lib/../lib64/crti.o]
    arg [/home/yotsurud/miniconda3/bin/../lib/gcc/x86_64-conda-linux-gnu/15.1.0/crtbeginS.o] ==> obj [/home/yotsurud/miniconda3/bin/../lib/gcc/x86_64-conda-linux-gnu/15.1.0/crtbeginS.o]
    arg [-L/home/yotsurud/miniconda3/lib] ==> dir [/home/yotsurud/miniconda3/lib]
    arg [-L/home/yotsurud/miniconda3/bin/../lib/gcc/x86_64-conda-linux-gnu/15.1.0] ==> dir [/home/yotsurud/miniconda3/bin/../lib/gcc/x86_64-conda-linux-gnu/15.1.0]
    arg [-L/home/yotsurud/miniconda3/x86_64-conda-linux-gnu/sysroot/lib/../lib64] ==> dir [/home/yotsurud/miniconda3/x86_64-conda-linux-gnu/sysroot/lib/../lib64]
    arg [-L/home/yotsurud/miniconda3/x86_64-conda-linux-gnu/sysroot/usr/lib/../lib64] ==> dir [/home/yotsurud/miniconda3/x86_64-conda-linux-gnu/sysroot/usr/lib/../lib64]
    arg [-L/home/yotsurud/miniconda3/bin/../lib/gcc/x86_64-conda-linux-gnu/15.1.0/../../../../x86_64-conda-linux-gnu/lib] ==> dir [/home/yotsurud/miniconda3/bin/../lib/gcc/x86_64-conda-linux-gnu/15.1.0/../../../../x86_64-conda-linux-gnu/lib]
    arg [-L/home/yotsurud/miniconda3/x86_64-conda-linux-gnu/sysroot/lib] ==> dir [/home/yotsurud/miniconda3/x86_64-conda-linux-gnu/sysroot/lib]
    arg [-L/home/yotsurud/miniconda3/x86_64-conda-linux-gnu/sysroot/usr/lib] ==> dir [/home/yotsurud/miniconda3/x86_64-conda-linux-gnu/sysroot/usr/lib]
    arg [-O2] ==> ignore
    arg [--sort-common] ==> ignore
    arg [--as-needed] ==> ignore
    arg [-zrelro] ==> ignore
    arg [-znow] ==> ignore
    arg [--disable-new-dtags] ==> ignore
    arg [--gc-sections] ==> ignore
    arg [--allow-shlib-undefined] ==> ignore
    arg [-rpath] ==> ignore
    arg [/home/yotsurud/miniconda3/lib] ==> ignore
    arg [-rpath-link] ==> ignore
    arg [/home/yotsurud/miniconda3/lib] ==> ignore
    arg [CMakeFiles/cmTC_6069a.dir/CMakeCCompilerABI.c.o] ==> ignore
    arg [-lgcc] ==> lib [gcc]
    arg [--as-needed] ==> ignore
    arg [-lgcc_s] ==> lib [gcc_s]
    arg [--no-as-needed] ==> ignore
    arg [-lc] ==> lib [c]
    arg [-lgcc] ==> lib [gcc]
    arg [--as-needed] ==> ignore
    arg [-lgcc_s] ==> lib [gcc_s]
    arg [--no-as-needed] ==> ignore
    arg [/home/yotsurud/miniconda3/bin/../lib/gcc/x86_64-conda-linux-gnu/15.1.0/crtendS.o] ==> obj [/home/yotsurud/miniconda3/bin/../lib/gcc/x86_64-conda-linux-gnu/15.1.0/crtendS.o]
    arg [/home/yotsurud/miniconda3/x86_64-conda-linux-gnu/sysroot/usr/lib/../lib64/crtn.o] ==> obj [/home/yotsurud/miniconda3/x86_64-conda-linux-gnu/sysroot/usr/lib/../lib64/crtn.o]
  collapse obj [/home/yotsurud/miniconda3/x86_64-conda-linux-gnu/sysroot/usr/lib/../lib64/Scrt1.o] ==> [/home/yotsurud/miniconda3/x86_64-conda-linux-gnu/sysroot/usr/lib64/Scrt1.o]
  collapse obj [/home/yotsurud/miniconda3/x86_64-conda-linux-gnu/sysroot/usr/lib/../lib64/crti.o] ==> [/home/yotsurud/miniconda3/x86_64-conda-linux-gnu/sysroot/usr/lib64/crti.o]
  collapse obj [/home/yotsurud/miniconda3/bin/../lib/gcc/x86_64-conda-linux-gnu/15.1.0/crtbeginS.o] ==> [/home/yotsurud/miniconda3/lib/gcc/x86_64-conda-linux-gnu/15.1.0/crtbeginS.o]
  collapse obj [/home/yotsurud/miniconda3/bin/../lib/gcc/x86_64-conda-linux-gnu/15.1.0/crtendS.o] ==> [/home/yotsurud/miniconda3/lib/gcc/x86_64-conda-linux-gnu/15.1.0/crtendS.o]
  collapse obj [/home/yotsurud/miniconda3/x86_64-conda-linux-gnu/sysroot/usr/lib/../lib64/crtn.o] ==> [/home/yotsurud/miniconda3/x86_64-conda-linux-gnu/sysroot/usr/lib64/crtn.o]
  collapse library dir [/home/yotsurud/miniconda3/lib] ==> [/home/yotsurud/miniconda3/lib]
  collapse library dir [/home/yotsurud/miniconda3/bin/../lib/gcc/x86_64-conda-linux-gnu/15.1.0] ==> [/home/yotsurud/miniconda3/lib/gcc/x86_64-conda-linux-gnu/15.1.0]
  collapse library dir [/home/yotsurud/miniconda3/x86_64-conda-linux-gnu/sysroot/lib/../lib64] ==> [/home/yotsurud/miniconda3/x86_64-conda-linux-gnu/sysroot/lib64]
  collapse library dir [/home/yotsurud/miniconda3/x86_64-conda-linux-gnu/sysroot/usr/lib/../lib64] ==> [/home/yotsurud/miniconda3/x86_64-conda-linux-gnu/sysroot/usr/lib64]
  collapse library dir [/home/yotsurud/miniconda3/bin/../lib/gcc/x86_64-conda-linux-gnu/15.1.0/../../../../x86_64-conda-linux-gnu/lib] ==> [/home/yotsurud/miniconda3/x86_64-conda-linux-gnu/lib]
  collapse library dir [/home/yotsurud/miniconda3/x86_64-conda-linux-gnu/sysroot/lib] ==> [/home/yotsurud/miniconda3/x86_64-conda-linux-gnu/sysroot/lib]
  collapse library dir [/home/yotsurud/miniconda3/x86_64-conda-linux-gnu/sysroot/usr/lib] ==> [/home/yotsurud/miniconda3/x86_64-conda-linux-gnu/sysroot/usr/lib]
  implicit libs: [gcc;gcc_s;c;gcc;gcc_s]
  implicit objs: [/home/yotsurud/miniconda3/x86_64-conda-linux-gnu/sysroot/usr/lib64/Scrt1.o;/home/yotsurud/miniconda3/x86_64-conda-linux-gnu/sysroot/usr/lib64/crti.o;/home/yotsurud/miniconda3/lib/gcc/x86_64-conda-linux-gnu/15.1.0/crtbeginS.o;/home/yotsurud/miniconda3/lib/gcc/x86_64-conda-linux-gnu/15.1.0/crtendS.o;/home/yotsurud/miniconda3/x86_64-conda-linux-gnu/sysroot/usr/lib64/crtn.o]
  implicit dirs: [/home/yotsurud/miniconda3/lib;/home/yotsurud/miniconda3/lib/gcc/x86_64-conda-linux-gnu/15.1.0;/home/yotsurud/miniconda3/x86_64-conda-linux-gnu/sysroot/lib64;/home/yotsurud/miniconda3/x86_64-conda-linux-gnu/sysroot/usr/lib64;/home/yotsurud/miniconda3/x86_64-conda-linux-gnu/lib;/home/yotsurud/miniconda3/x86_64-conda-linux-gnu/sysroot/lib;/home/yotsurud/miniconda3/x86_64-conda-linux-gnu/sysroot/usr/lib]
  implicit fwks: []


Detecting CXX compiler ABI info compiled with the following output:
Change Dir: /home/yotsurud/Desktop/42cursus/Webserv_yoshi/build/CMakeFiles/CMakeTmp

Run Build Command(s):/usr/bin/gmake -f Makefile cmTC_67777/fast && /usr/bin/gmake  -f CMakeFiles/cmTC_67777.dir/build.make CMakeFiles/cmTC_67777.dir/build
gmake[1]: Entering directory '/home/yotsurud/Desktop/42cursus/Webserv_yoshi/build/CMakeFiles/CMakeTmp'
Building CXX object CMakeFiles/cmTC_67777.dir/CMakeCXXCompilerABI.cpp.o
/usr/bin/c++   -v -MD -MT CMakeFiles/cmTC_67777.dir/CMakeCXXCompilerABI.cpp.o -MF CMakeFiles/cmTC_67777.dir/CMakeCXXCompilerABI.cpp.o.d -o CMakeFiles/cmTC_67777.dir/CMakeCXXCompilerABI.cpp.o -c /usr/share/cmake-3.22/Modules/CMakeCXXCompilerABI.cpp
Ubuntu clang version 12.0.1-19ubuntu3
Target: x86_64-pc-linux-gnu
Thread model: posix
InstalledDir: /usr/bin
Found candidate GCC installation: /usr/bin/../lib/gcc/x86_64-linux-gnu/10
Found candidate GCC installation: /usr/bin/../lib/gcc/x86_64-linux-gnu/11
Found candidate GCC installation: /usr/bin/../lib/gcc/x86_64-linux-gnu/12
Found candidate GCC installation: /usr/lib/gcc/x86_64-linux-gnu/10
Found candidate GCC installation: /usr/lib/gcc/x86_64-linux-gnu/11
Found candidate GCC installation: /usr/lib/gcc/x86_64-linux-gnu/12
Selected GCC installation: /usr/bin/../lib/gcc/x86_64-linux-gnu/12
Candidate multilib: .;@m64
Selected multilib: .;@m64
 (in-process)
 "/usr/lib/llvm-12/bin/clang" -cc1 -triple x86_64-pc-linux-gnu -emit-obj -mrelax-all --mrelax-relocations -disable-free -disable-llvm-verifier -discard-value-names -main-file-name CMakeCXXCompilerABI.cpp -mrelocation-model static -mframe-pointer=all -fmath-errno -fno-rounding-math -mconstructor-aliases -munwind-tables -target-cpu x86-64 -tune-cpu generic -fno-split-dwarf-inlining -debugger-tuning=gdb -v -resource-dir /usr/lib/llvm-12/lib/clang/12.0.1 -dependency-file CMakeFiles/cmTC_67777.dir/CMakeCXXCompilerABI.cpp.o.d -MT CMakeFiles/cmTC_67777.dir/CMakeCXXCompilerABI.cpp.o -sys-header-deps -internal-isystem /usr/bin/../lib/gcc/x86_64-linux-gnu/12/../../../../include/c++/12 -internal-isystem /usr/bin/../lib/gcc/x86_64-linux-gnu/12/../../../../include/x86_64-linux-gnu/c++/12 -internal-isystem /usr/bin/../lib/gcc/x86_64-linux-gnu/12/../../../../include/x86_64-linux-gnu/c++/12 -internal-isystem /usr/bin/../lib/gcc/x86_64-linux-gnu/12/../../../../include/c++/12/backward -internal-isystem /usr/local/include -internal-isystem /usr/lib/llvm-12/lib/clang/12.0.1/include -internal-externc-isystem /usr/include/x86_64-linux-gnu -internal-externc-isystem /include -internal-externc-isystem /usr/include -fdeprecated-macro -fdebug-compilation-dir /home/yotsurud/Desktop/42cursus/Webserv_yoshi/build/CMakeFiles/CMakeTmp -ferror-limit 19 -fgnuc-version=4.2.1 -fcxx-exceptions -fexceptions -faddrsig -o CMakeFiles/cmTC_67777.dir/CMakeCXXCompilerABI.cpp.o -x c++ /usr/share/cmake-3.22/Modules/CMakeCXXCompilerABI.cpp
clang -cc1 version 12.0.1 based upon LLVM 12.0.1 default target x86_64-pc-linux-gnu
ignoring nonexistent directory "/include"
ignoring duplicate directory "/usr/bin/../lib/gcc/x86_64-linux-gnu/12/../../../../include/x86_64-linux-gnu/c++/12"
#include "..." search starts here:
#include <...> search starts here:
 /usr/bin/../lib/gcc/x86_64-linux-gnu/12/../../../../include/c++/12
 /usr/bin/../lib/gcc/x86_64-linux-gnu/12/../../../../include/x86_64-linux-gnu/c++/12
 /usr/bin/../lib/gcc/x86_64-linux-gnu/12/../../../../include/c++/12/backward
 /usr/local/include
 /usr/lib/llvm-12/lib/clang/12.0.1/include
 /usr/include/x86_64-linux-gnu
 /usr/include
End of search list.
Linking CXX executable cmTC_67777
/usr/bin/cmake -E cmake_link_script CMakeFiles/cmTC_67777.dir/link.txt --verbose=1
/usr/bin/c++ -Wl,-O2 -Wl,--sort-common -Wl,--as-needed -Wl,-z,relro -Wl,-z,now -Wl,--disable-new-dtags -Wl,--gc-sections -Wl,--allow-shlib-undefined -Wl,-rpath,/home/yotsurud/miniconda3/lib -Wl,-rpath-link,/home/yotsurud/miniconda3/lib -L/home/yotsurud/miniconda3/lib -v CMakeFiles/cmTC_67777.dir/CMakeCXXCompilerABI.cpp.o -o cmTC_67777 
Ubuntu clang version 12.0.1-19ubuntu3
Target: x86_64-pc-linux-gnu
Thread model: posix
InstalledDir: /usr/bin
Found candidate GCC installation: /usr/bin/../lib/gcc/x86_64-linux-gnu/10
Found candidate GCC installation: /usr/bin/../lib/gcc/x86_64-linux-gnu/11
Found candidate GCC installation: /usr/bin/../lib/gcc/x86_64-linux-gnu/12
Found candidate GCC installation: /usr/lib/gcc/x86_64-linux-gnu/10
Found candidate GCC installation: /usr/lib/gcc/x86_64-linux-gnu/11
Found candidate GCC installation: /usr/lib/gcc/x86_64-linux-gnu/12
Selected GCC installation: /usr/bin/../lib/gcc/x86_64-linux-gnu/12
Candidate multilib: .;@m64
Selected multilib: .;@m64
 "/usr/bin/ld" --build-id --eh-frame-hdr -m elf_x86_64 -dynamic-linker /lib64/ld-linux-x86-64.so.2 -o cmTC_67777 /usr/bin/../lib/gcc/x86_64-linux-gnu/12/../../../x86_64-linux-gnu/crt1.o /usr/bin/../lib/gcc/x86_64-linux-gnu/12/../../../x86_64-linux-gnu/crti.o /usr/bin/../lib/gcc/x86_64-linux-gnu/12/crtbegin.o -L/home/yotsurud/miniconda3/lib -L/usr/bin/../lib/gcc/x86_64-linux-gnu/12 -L/usr/bin/../lib/gcc/x86_64-linux-gnu/12/../../../x86_64-linux-gnu -L/usr/bin/../lib/gcc/x86_64-linux-gnu/12/../../../../lib64 -L/lib/x86_64-linux-gnu -L/lib/../lib64 -L/usr/lib/x86_64-linux-gnu -L/usr/lib/../lib64 -L/usr/lib/x86_64-linux-gnu/../../lib64 -L/usr/bin/../lib/gcc/x86_64-linux-gnu/12/../../.. -L/usr/lib/llvm-12/bin/../lib -L/lib -L/usr/lib -O2 --sort-common --as-needed -z relro -z now --disable-new-dtags --gc-sections --allow-shlib-undefined -rpath /home/yotsurud/miniconda3/lib -rpath-link /home/yotsurud/miniconda3/lib CMakeFiles/cmTC_67777.dir/CMakeCXXCompilerABI.cpp.o -lstdc++ -lm -lgcc_s -lgcc -lc -lgcc_s -lgcc /usr/bin/../lib/gcc/x86_64-linux-gnu/12/crtend.o /usr/bin/../lib/gcc/x86_64-linux-gnu/12/../../../x86_64-linux-gnu/crtn.o
gmake[1]: Leaving directory '/home/yotsurud/Desktop/42cursus/Webserv_yoshi/build/CMakeFiles/CMakeTmp'



Parsed CXX implicit include dir info from above output: rv=done
  found start of include info
  found start of implicit include info
    add: [/usr/bin/../lib/gcc/x86_64-linux-gnu/12/../../../../include/c++/12]
    add: [/usr/bin/../lib/gcc/x86_64-linux-gnu/12/../../../../include/x86_64-linux-gnu/c++/12]
    add: [/usr/bin/../lib/gcc/x86_64-linux-gnu/12/../../../../include/c++/12/backward]
    add: [/usr/local/include]
    add: [/usr/lib/llvm-12/lib/clang/12.0.1/include]
    add: [/usr/include/x86_64-linux-gnu]
    add: [/usr/include]
  end of search list found
  collapse include dir [/usr/bin/../lib/gcc/x86_64-linux-gnu/12/../../../../include/c++/12] ==> [/usr/include/c++/12]
  collapse include dir [/usr/bin/../lib/gcc/x86_64-linux-gnu/12/../../../../include/x86_64-linux-gnu/c++/12] ==> [/usr/include/x86_64-linux-gnu/c++/12]
  collapse include dir [/usr/bin/../lib/gcc/x86_64-linux-gnu/12/../../../../include/c++/12/backward] ==> [/usr/include/c++/12/backward]
  collapse include dir [/usr/local/include] ==> [/usr/local/include]
  collapse include dir [/usr/lib/llvm-12/lib/clang/12.0.1/include] ==> [/usr/lib/llvm-12/lib/clang/12.0.1/include]
  collapse include dir [/usr/include/x86_64-linux-gnu] ==> [/usr/include/x86_64-linux-gnu]
  collapse include dir [/usr/include] ==> [/usr/include]
  implicit include dirs: [/usr/include/c++/12;/usr/include/x86_64-linux-gnu/c++/12;/usr/include/c++/12/backward;/usr/local/include;/usr/lib/llvm-12/lib/clang/12.0.1/include;/usr/include/x86_64-linux-gnu;/usr/include]


Parsed CXX implicit link information from above output:
  link line regex: [^( *|.*[/\])(x86_64-conda-linux-gnu-ld|CMAKE_LINK_STARTFILE-NOTFOUND|([^/\]+-)?ld|collect2)[^/\]*( |$)]
  ignore line: [Change Dir: /home/yotsurud/Desktop/42cursus/Webserv_yoshi/build/CMakeFiles/CMakeTmp]
  ignore line: []
  ignore line: [Run Build Command(s):/usr/bin/gmake -f Makefile cmTC_67777/fast && /usr/bin/gmake  -f CMakeFiles/cmTC_67777.dir/build.make CMakeFiles/cmTC_67777.dir/build]
  ignore line: [gmake[1]: Entering directory '/home/yotsurud/Desktop/42cursus/Webserv_yoshi/build/CMakeFiles/CMakeTmp']
  ignore line: [Building CXX object CMakeFiles/cmTC_67777.dir/CMakeCXXCompilerABI.cpp.o]
  ignore line: [/usr/bin/c++   -v -MD -MT CMakeFiles/cmTC_67777.dir/CMakeCXXCompilerABI.cpp.o -MF CMakeFiles/cmTC_67777.dir/CMakeCXXCompilerABI.cpp.o.d -o CMakeFiles/cmTC_67777.dir/CMakeCXXCompilerABI.cpp.o -c /usr/share/cmake-3.22/Modules/CMakeCXXCompilerABI.cpp]
  ignore line: [Ubuntu clang version 12.0.1-19ubuntu3]
  ignore line: [Target: x86_64-pc-linux-gnu]
  ignore line: [Thread model: posix]
  ignore line: [InstalledDir: /usr/bin]
  ignore line: [Found candidate GCC installation: /usr/bin/../lib/gcc/x86_64-linux-gnu/10]
  ignore line: [Found candidate GCC installation: /usr/bin/../lib/gcc/x86_64-linux-gnu/11]
  ignore line: [Found candidate GCC installation: /usr/bin/../lib/gcc/x86_64-linux-gnu/12]
  ignore line: [Found candidate GCC installation: /usr/lib/gcc/x86_64-linux-gnu/10]
  ignore line: [Found candidate GCC installation: /usr/lib/gcc/x86_64-linux-gnu/11]
  ignore line: [Found candidate GCC installation: /usr/lib/gcc/x86_64-linux-gnu/12]
  ignore line: [Selected GCC installation: /usr/bin/../lib/gcc/x86_64-linux-gnu/12]
  ignore line: [Candidate multilib: .]
  ignore line: [@m64]
  ignore line: [Selected multilib: .]
  ignore line: [@m64]
  ignore line: [ (in-process)]
  ignore line: [ "/usr/lib/llvm-12/bin/clang" -cc1 -triple x86_64-pc-linux-gnu -emit-obj -mrelax-all --mrelax-relocations -disable-free -disable-llvm-verifier -discard-value-names -main-file-name CMakeCXXCompilerABI.cpp -mrelocation-model static -mframe-pointer=all -fmath-errno -fno-rounding-math -mconstructor-aliases -munwind-tables -target-cpu x86-64 -tune-cpu generic -fno-split-dwarf-inlining -debugger-tuning=gdb -v -resource-dir /usr/lib/llvm-12/lib/clang/12.0.1 -dependency-file CMakeFiles/cmTC_67777.dir/CMakeCXXCompilerABI.cpp.o.d -MT CMakeFiles/cmTC_67777.dir/CMakeCXXCompilerABI.cpp.o -sys-header-deps -internal-isystem /usr/bin/../lib/gcc/x86_64-linux-gnu/12/../../../../include/c++/12 -internal-isystem /usr/bin/../lib/gcc/x86_64-linux-gnu/12/../../../../include/x86_64-linux-gnu/c++/12 -internal-isystem /usr/bin/../lib/gcc/x86_64-linux-gnu/12/../../../../include/x86_64-linux-gnu/c++/12 -internal-isystem /usr/bin/../lib/gcc/x86_64-linux-gnu/12/../../../../include/c++/12/backward -internal-isystem /usr/local/include -internal-isystem /usr/lib/llvm-12/lib/clang/12.0.1/include -internal-externc-isystem /usr/include/x86_64-linux-gnu -internal-externc-isystem /include -internal-externc-isystem /usr/include -fdeprecated-macro -fdebug-compilation-dir /home/yotsurud/Desktop/42cursus/Webserv_yoshi/build/CMakeFiles/CMakeTmp -ferror-limit 19 -fgnuc-version=4.2.1 -fcxx-exceptions -fexceptions -faddrsig -o CMakeFiles/cmTC_67777.dir/CMakeCXXCompilerABI.cpp.o -x c++ /usr/share/cmake-3.22/Modules/CMakeCXXCompilerABI.cpp]
  ignore line: [clang -cc1 version 12.0.1 based upon LLVM 12.0.1 default target x86_64-pc-linux-gnu]
  ignore line: [ignoring nonexistent directory "/include"]
  ignore line: [ignoring duplicate directory "/usr/bin/../lib/gcc/x86_64-linux-gnu/12/../../../../include/x86_64-linux-gnu/c++/12"]
  ignore line: [#include "..." search starts here:]
  ignore line: [#include <...> search starts here:]
  ignore line: [ /usr/bin/../lib/gcc/x86_64-linux-gnu/12/../../../../include/c++/12]
  ignore line: [ /usr/bin/../lib/gcc/x86_64-linux-gnu/12/../../../../include/x86_64-linux-gnu/c++/12]
  ignore line: [ /usr/bin/../lib/gcc/x86_64-linux-gnu/12/../../../../include/c++/12/backward]
  ignore line: [ /usr/local/include]
  ignore line: [ /usr/lib/llvm-12/lib/clang/12.0.1/include]
  ignore line: [ /usr/include/x86_64-linux-gnu]
  ignore line: [ /usr/include]
  ignore line: [End of search list.]
  ignore line: [Linking CXX executable cmTC_67777]
  ignore line: [/usr/bin/cmake -E cmake_link_script CMakeFiles/cmTC_67777.dir/link.txt --verbose=1]
  ignore line: [/usr/bin/c++ -Wl -O2 -Wl --sort-common -Wl --as-needed -Wl -z relro -Wl -z now -Wl --disable-new-dtags -Wl --gc-sections -Wl --allow-shlib-undefined -Wl -rpath /home/yotsurud/miniconda3/lib -Wl -rpath-link /home/yotsurud/miniconda3/lib -L/home/yotsurud/miniconda3/lib -v CMakeFiles/cmTC_67777.dir/CMakeCXXCompilerABI.cpp.o -o cmTC_67777 ]
  ignore line: [Ubuntu clang version 12.0.1-19ubuntu3]
  ignore line: [Target: x86_64-pc-linux-gnu]
  ignore line: [Thread model: posix]
  ignore line: [InstalledDir: /usr/bin]
  ignore line: [Found candidate GCC installation: /usr/bin/../lib/gcc/x86_64-linux-gnu/10]
  ignore line: [Found candidate GCC installation: /usr/bin/../lib/gcc/x86_64-linux-gnu/11]
  ignore line: [Found candidate GCC installation: /usr/bin/../lib/gcc/x86_64-linux-gnu/12]
  ignore line: [Found candidate GCC installation: /usr/lib/gcc/x86_64-linux-gnu/10]
  ignore line: [Found candidate GCC installation: /usr/lib/gcc/x86_64-linux-gnu/11]
  ignore line: [Found candidate GCC installation: /usr/lib/gcc/x86_64-linux-gnu/12]
  ignore line: [Selected GCC installation: /usr/bin/../lib/gcc/x86_64-linux-gnu/12]
  ignore line: [Candidate multilib: .]
  ignore line: [@m64]
  ignore line: [Selected multilib: .]
  ignore line: [@m64]
  link line: [ "/usr/bin/ld" --build-id --eh-frame-hdr -m elf_x86_64 -dynamic-linker /lib64/ld-linux-x86-64.so.2 -o cmTC_67777 /usr/bin/../lib/gcc/x86_64-linux-gnu/12/../../../x86_64-linux-gnu/crt1.o /usr/bin/../lib/gcc/x86_64-linux-gnu/12/../../../x86_64-linux-gnu/crti.o /usr/bin/../lib/gcc/x86_64-linux-gnu/12/crtbegin.o -L/home/yotsurud/miniconda3/lib -L/usr/bin/../lib/gcc/x86_64-linux-gnu/12 -L/usr/bin/../lib/gcc/x86_64-linux-gnu/12/../../../x86_64-linux-gnu -L/usr/bin/../lib/gcc/x86_64-linux-gnu/12/../../../../lib64 -L/lib/x86_64-linux-gnu -L/lib/../lib64 -L/usr/lib/x86_64-linux-gnu -L/usr/lib/../lib64 -L/usr/lib/x86_64-linux-gnu/../../lib64 -L/usr/bin/../lib/gcc/x86_64-linux-gnu/12/../../.. -L/usr/lib/llvm-12/bin/../lib -L/lib -L/usr/lib -O2 --sort-common --as-needed -z relro -z now --disable-new-dtags --gc-sections --allow-shlib-undefined -rpath /home/yotsurud/miniconda3/lib -rpath-link /home/yotsurud/miniconda3/lib CMakeFiles/cmTC_67777.dir/CMakeCXXCompilerABI.cpp.o -lstdc++ -lm -lgcc_s -lgcc -lc -lgcc_s -lgcc /usr/bin/../lib/gcc/x86_64-linux-gnu/12/crtend.o /usr/bin/../lib/gcc/x86_64-linux-gnu/12/../../../x86_64-linux-gnu/crtn.o]
    arg [/usr/bin/ld] ==> ignore
    arg [--build-id] ==> ignore
    arg [--eh-frame-hdr] ==> ignore
    arg [-m] ==> ignore
    arg [elf_x86_64] ==> ignore
    arg [-dynamic-linker] ==> ignore
    arg [/lib64/ld-linux-x86-64.so.2] ==> ignore
    arg [-o] ==> ignore
    arg [cmTC_67777] ==> ignore
    arg [/usr/bin/../lib/gcc/x86_64-linux-gnu/12/../../../x86_64-linux-gnu/crt1.o] ==> obj [/usr/bin/../lib/gcc/x86_64-linux-gnu/12/../../../x86_64-linux-gnu/crt1.o]
    arg [/usr/bin/../lib/gcc/x86_64-linux-gnu/12/../../../x86_64-linux-gnu/crti.o] ==> obj [/usr/bin/../lib/gcc/x86_64-linux-gnu/12/../../../x86_64-linux-gnu/crti.o]
    arg [/usr/bin/../lib/gcc/x86_64-linux-gnu/12/crtbegin.o] ==> obj [/usr/bin/../lib/gcc/x86_64-linux-gnu/12/crtbegin.o]
    arg [-L/home/yotsurud/miniconda3/lib] ==> dir [/home/yotsurud/miniconda3/lib]
    arg [-L/usr/bin/../lib/gcc/x86_64-linux-gnu/12] ==> dir [/usr/bin/../lib/gcc/x86_64-linux-gnu/12]
    arg [-L/usr/bin/../lib/gcc/x86_64-linux-gnu/12/../../../x86_64-linux-gnu] ==> dir [/usr/bin/../lib/gcc/x86_64-linux-gnu/12/../../../x86_64-linux-gnu]
    arg [-L/usr/bin/../lib/gcc/x86_64-linux-gnu/12/../../../../lib64] ==> dir [/usr/bin/../lib/gcc/x86_64-linux-gnu/12/../../../../lib64]
    arg [-L/lib/x86_64-linux-gnu] ==> dir [/lib/x86_64-linux-gnu]
    arg [-L/lib/../lib64] ==> dir [/lib/../lib64]
    arg [-L/usr/lib/x86_64-linux-gnu] ==> dir [/usr/lib/x86_64-linux-gnu]
    arg [-L/usr/lib/../lib64] ==> dir [/usr/lib/../lib64]
    arg [-L/usr/lib/x86_64-linux-gnu/../../lib64] ==> dir [/usr/lib/x86_64-linux-gnu/../../lib64]
    arg [-L/usr/bin/../lib/gcc/x86_64-linux-gnu/12/../../..] ==> dir [/usr/bin/../lib/gcc/x86_64-linux-gnu/12/../../..]
    arg [-L/usr/lib/llvm-12/bin/../lib] ==> dir [/usr/lib/llvm-12/bin/../lib]
    arg [-L/lib] ==> dir [/lib]
    arg [-L/usr/lib] ==> dir [/usr/lib]
    arg [-O2] ==> ignore
    arg [--sort-common] ==> ignore
    arg [--as-needed] ==> ignore
    arg [-zrelro] ==> ignore
    arg [-znow] ==> ignore
    arg [--disable-new-dtags] ==> ignore
    arg [--gc-sections] ==> ignore
    arg [--allow-shlib-undefined] ==> ignore
    arg [-rpath] ==> ignore
    arg [/home/yotsurud/miniconda3/lib] ==> ignore
    arg [-rpath-link] ==> ignore
    arg [/home/yotsurud/miniconda3/lib] ==> ignore
    arg [CMakeFiles/cmTC_67777.dir/CMakeCXXCompilerABI.cpp.o] ==> ignore
    arg [-lstdc++] ==> lib [stdc++]
    arg [-lm] ==> lib [m]
    arg [-lgcc_s] ==> lib [gcc_s]
    arg [-lgcc] ==> lib [gcc]
    arg [-lc] ==> lib [c]
    arg [-lgcc_s] ==> lib [gcc_s]
    arg [-lgcc] ==> lib [gcc]
    arg [/usr/bin/../lib/gcc/x86_64-linux-gnu/12/crtend.o] ==> obj [/usr/bin/../lib/gcc/x86_64-linux-gnu/12/crtend.o]
    arg [/usr/bin/../lib/gcc/x86_64-linux-gnu/12/../../../x86_64-linux-gnu/crtn.o] ==> obj [/usr/bin/../lib/gcc/x86_64-linux-gnu/12/../../../x86_64-linux-gnu/crtn.o]
  collapse obj [/usr/bin/../lib/gcc/x86_64-linux-gnu/12/../../../x86_64-linux-gnu/crt1.o] ==> [/usr/lib/x86_64-linux-gnu/crt1.o]
  collapse obj [/usr/bin/../lib/gcc/x86_64-linux-gnu/12/../../../x86_64-linux-gnu/crti.o] ==> [/usr/lib/x86_64-linux-gnu/crti.o]
  collapse obj [/usr/bin/../lib/gcc/x86_64-linux-gnu/12/crtbegin.o] ==> [/usr/lib/gcc/x86_64-linux-gnu/12/crtbegin.o]
  collapse obj [/usr/bin/../lib/gcc/x86_64-linux-gnu/12/crtend.o] ==> [/usr/lib/gcc/x86_64-linux-gnu/12/crtend.o]
  collapse obj [/usr/bin/../lib/gcc/x86_64-linux-gnu/12/../../../x86_64-linux-gnu/crtn.o] ==> [/usr/lib/x86_64-linux-gnu/crtn.o]
  collapse library dir [/home/yotsurud/miniconda3/lib] ==> [/home/yotsurud/miniconda3/lib]
  collapse library dir [/usr/bin/../lib/gcc/x86_64-linux-gnu/12] ==> [/usr/lib/gcc/x86_64-linux-gnu/12]
  collapse library dir [/usr/bin/../lib/gcc/x86_64-linux-gnu/12/../../../x86_64-linux-gnu] ==> [/usr/lib/x86_64-linux-gnu]
  collapse library dir [/usr/bin/../lib/gcc/x86_64-linux-gnu/12/../../../../lib64] ==> [/usr/lib64]
  collapse library dir [/lib/x86_64-linux-gnu] ==> [/lib/x86_64-linux-gnu]
  collapse library dir [/lib/../lib64] ==> [/lib64]
  collapse library dir [/usr/lib/x86_64-linux-gnu] ==> [/usr/lib/x86_64-linux-gnu]
  collapse library dir [/usr/lib/../lib64] ==> [/usr/lib64]
  collapse library dir [/usr/lib/x86_64-linux-gnu/../../lib64] ==> [/usr/lib64]
  collapse library dir [/usr/bin/../lib/gcc/x86_64-linux-gnu/12/../../..] ==> [/usr/lib]
  collapse library dir [/usr/lib/llvm-12/bin/../lib] ==> [/usr/lib/llvm-12/lib]
  collapse library dir [/lib] ==> [/lib]
  collapse library dir [/usr/lib] ==> [/usr/lib]
  implicit libs: [stdc++;m;gcc_s;gcc;c;gcc_s;gcc]
  implicit objs: [/usr/lib/x86_64-linux-gnu/crt1.o;/usr/lib/x86_64-linux-gnu/crti.o;/usr/lib/gcc/x86_64-linux-gnu/12/crtbegin.o;/usr/lib/gcc/x86_64-linux-gnu/12/crtend.o;/usr/lib/x86_64-linux-gnu/crtn.o]
  implicit dirs: [/home/yotsurud/miniconda3/lib;/usr/lib/gcc/x86_64-linux-gnu/12;/usr/lib/x86_64-linux-gnu;/usr/lib64;/lib/x86_64-linux-gnu;/lib64;/usr/lib;/usr/lib/llvm-12/lib;/lib]
  implicit fwks: []


Determining if the include file pthread.h exists passed with the following output:
Change Dir: /home/yotsurud/Desktop/42cursus/Webserv_yoshi/build/CMakeFiles/CMakeTmp

Run Build Command(s):/usr/bin/gmake -f Makefile cmTC_0a6cf/fast && /usr/bin/gmake  -f CMakeFiles/cmTC_0a6cf.dir/build.make CMakeFiles/cmTC_0a6cf.dir/build
gmake[1]: Entering directory '/home/yotsurud/Desktop/42cursus/Webserv_yoshi/build/CMakeFiles/CMakeTmp'
Building C object CMakeFiles/cmTC_0a6cf.dir/CheckIncludeFile.c.o
/home/yotsurud/miniconda3/bin/x86_64-conda-linux-gnu-clang   -march=nocona -mtune=haswell -ftree-vectorize -fPIC -fstack-protector-strong -fno-plt -O2 -ffunction-sections -pipe -isystem /home/yotsurud/miniconda3/include  -MD -MT CMakeFiles/cmTC_0a6cf.dir/CheckIncludeFile.c.o -MF CMakeFiles/cmTC_0a6cf.dir/CheckIncludeFile.c.o.d -o CMakeFiles/cmTC_0a6cf.dir/CheckIncludeFile.c.o -c /home/yotsurud/Desktop/42cursus/Webserv_yoshi/build/CMakeFiles/CMakeTmp/CheckIncludeFile.c
Linking C executable cmTC_0a6cf
/usr/bin/cmake -E cmake_link_script CMakeFiles/cmTC_0a6cf.dir/link.txt --verbose=1
/home/yotsurud/miniconda3/bin/x86_64-conda-linux-gnu-clang -march=nocona -mtune=haswell -ftree-vectorize -fPIC -fstack-protector-strong -fno-plt -O2 -ffunction-sections -pipe -isystem /home/yotsurud/miniconda3/include  -Wl,-O2 -Wl,--sort-common -Wl,--as-needed -Wl,-z,relro -Wl,-z,now -Wl,--disable-new-dtags -Wl,--gc-sections -Wl,--allow-shlib-undefined -Wl,-rpath,/home/yotsurud/miniconda3/lib -Wl,-rpath-link,/home/yotsurud/miniconda3/lib -L/home/yotsurud/miniconda3/lib  CMakeFiles/cmTC_0a6cf.dir/CheckIncludeFile.c.o -o cmTC_0a6cf 
gmake[1]: Leaving directory '/home/yotsurud/Desktop/42cursus/Webserv_yoshi/build/CMakeFiles/CMakeTmp'



Determining if the function pthread_create exists in the pthread passed with the following output:
Change Dir: /home/yotsurud/Desktop/42cursus/Webserv_yoshi/build/CMakeFiles/CMakeTmp

Run Build Command(s):/usr/bin/gmake -f Makefile cmTC_f22d4/fast && /usr/bin/gmake  -f CMakeFiles/cmTC_f22d4.dir/build.make CMakeFiles/cmTC_f22d4.dir/build
gmake[1]: Entering directory '/home/yotsurud/Desktop/42cursus/Webserv_yoshi/build/CMakeFiles/CMakeTmp'
Building C object CMakeFiles/cmTC_f22d4.dir/CheckFunctionExists.c.o
/home/yotsurud/miniconda3/bin/x86_64-conda-linux-gnu-clang   -march=nocona -mtune=haswell -ftree-vectorize -fPIC -fstack-protector-strong -fno-plt -O2 -ffunction-sections -pipe -isystem /home/yotsurud/miniconda3/include -DCHECK_FUNCTION_EXISTS=pthread_create -MD -MT CMakeFiles/cmTC_f22d4.dir/CheckFunctionExists.c.o -MF CMakeFiles/cmTC_f22d4.dir/CheckFunctionExists.c.o.d -o CMakeFiles/cmTC_f22d4.dir/CheckFunctionExists.c.o -c /usr/share/cmake-3.22/Modules/CheckFunctionExists.c
Linking C executable cmTC_f22d4
/usr/bin/cmake -E cmake_link_script CMakeFiles/cmTC_f22d4.dir/link.txt --verbose=1
/home/yotsurud/miniconda3/bin/x86_64-conda-linux-gnu-clang -march=nocona -mtune=haswell -ftree-vectorize -fPIC -fstack-protector-strong -fno-plt -O2 -ffunction-sections -pipe -isystem /home/yotsurud/miniconda3/include -DCHECK_FUNCTION_EXISTS=pthread_create -Wl,-O2 -Wl,--sort-common -Wl,--as-needed -Wl,-z,relro -Wl,-z,now -Wl,--disable-new-dtags -Wl,--gc-sections -Wl,--allow-shlib-undefined -Wl,-rpath,/home/yotsurud/miniconda3/lib -Wl,-rpath-link,/home/yotsurud/miniconda3/lib -L/home/yotsurud/miniconda3/lib  CMakeFiles/cmTC_f22d4.dir/CheckFunctionExists.c.o -o cmTC_f22d4  -lpthread 
gmake[1]: Leaving directory '/home/yotsurud/Desktop/42cursus/Webserv_yoshi/build/CMakeFiles/CMakeTmp'



